<?xml version="1.0" encoding="UTF-8" ?>
<testsuites>
<testsuite name="A suite" errors="0" tests="1" failures="0" time="0.009" timestamp="2014-11-21T01:25:08">
  <testcase classname="A suite" name="contains spec with an expectation" time="0.008"></testcase>
</testsuite>
</testsuites>