<?xml version="1.0" encoding="UTF-8" ?>
<testsuites>
<testsuite name="A suite" errors="0" tests="0" failures="0" time="0" timestamp="2014-11-21T04:22:52">
</testsuite>
<testsuite name="A suite.the serverJs" errors="0" tests="4" failures="0" time="0.014" timestamp="2014-11-21T04:22:52">
  <testcase classname="A suite.the serverJs" name="should export dependencies" time="0.013"></testcase>
  <testcase classname="A suite.the serverJs" name="should have a standard error" time="0.001"></testcase>
  <testcase classname="A suite.the serverJs" name="should have an error with a customized message" time="0"></testcase>
  <testcase classname="A suite.the serverJs" name="should have an array of streams" time="0"></testcase>
</testsuite>
<testsuite name="A suite.the REST app" errors="0" tests="0" failures="0" time="0" timestamp="2014-11-21T04:22:52">
</testsuite>
<testsuite name="A suite.the REST app.GET" errors="0" tests="2" failures="1" time="0.04" timestamp="2014-11-21T04:22:52">
  <testcase classname="A suite.the REST app.GET" name="get is defined" time="0"></testcase>
  <testcase classname="A suite.the REST app.GET" name="try to get" time="0.037"><failure type="expect" message="Expected undefined to equal [ { type : &amp;apos;stream&amp;apos;, data : &amp;apos;foo&amp;apos; } ].">Error: Expected undefined to equal [ { type : &amp;apos;stream&amp;apos;, data : &amp;apos;foo&amp;apos; } ].
    at new jasmine.ExpectationResult (d:\IT\mme2\ue04\opt02\node_modules\jasmine-node\lib\jasmine-node/jasmine-1.3.1.js:114:32)
    at null.toEqual (d:\IT\mme2\ue04\opt02\node_modules\jasmine-node\lib\jasmine-node/jasmine-1.3.1.js:1316:29)
    at ClientRequest.&amp;lt;anonymous&amp;gt; (d:\IT\mme2\ue04\opt02\test\serverSpec.js:68:34)
    at ClientRequest.g (events.js:180:16)
    at ClientRequest.emit (events.js:95:17)
    at HTTPParser.parserOnIncomingClient (http.js:1692:21)
    at HTTPParser.parserOnHeadersComplete [as onHeadersComplete] (http.js:121:23)
    at Socket.socketOnData (http.js:1587:20)
    at TCP.onread (net.js:527:27)</failure></testcase>
</testsuite>
</testsuites>